<?xml version="1.0" encoding="UTF-8"?>
<!-- Generated by org.testng.reporters.JUnitReportReporter -->
<testsuite skipped="3" hostname="Sachins-MacBook-Pro.local" name="TestNGConcept" tests="5" failures="1" timestamp="30 Mar 2020 07:02:41 GMT" time="0.012" errors="0">
  <testcase name="testMethod" time="0.005" classname="TestNGConcept"/>
  <testcase name="testMethod1" time="0.000" classname="TestNGConcept">
    <failure type="java.lang.AssertionError" message="expected [true] but found [false]">
      <![CDATA[java.lang.AssertionError: expected [true] but found [false]
at org.testng.Assert.fail(Assert.java:96)
at org.testng.Assert.failNotEquals(Assert.java:776)
at org.testng.Assert.assertTrue(Assert.java:44)
at org.testng.Assert.assertTrue(Assert.java:54)
at TestNGConcept.testMethod1(TestNGConcept.java:50)
at sun.reflect.NativeMethodAccessorImpl.invoke0(Native Method)
at sun.reflect.NativeMethodAccessorImpl.invoke(NativeMethodAccessorImpl.java:62)
at sun.reflect.DelegatingMethodAccessorImpl.invoke(DelegatingMethodAccessorImpl.java:43)
at java.lang.reflect.Method.invoke(Method.java:498)
at org.testng.internal.MethodInvocationHelper.invokeMethod(MethodInvocationHelper.java:124)
at org.testng.internal.Invoker.invokeMethod(Invoker.java:583)
at org.testng.internal.Invoker.retryFailed(Invoker.java:839)
at org.testng.internal.Invoker.invokeTestMethods(Invoker.java:1010)
at org.testng.internal.TestMethodWorker.invokeTestMethods(TestMethodWorker.java:125)
at org.testng.internal.TestMethodWorker.run(TestMethodWorker.java:109)
at java.util.concurrent.ThreadPoolExecutor.runWorker(ThreadPoolExecutor.java:1149)
at java.util.concurrent.ThreadPoolExecutor$Worker.run(ThreadPoolExecutor.java:624)
at java.lang.Thread.run(Thread.java:748)
]]>
    </failure>
  </testcase> <!-- testMethod1 -->
  <testcase name="testMethod1" time="0.000" classname="TestNGConcept">
    <skipped/>
  </testcase> <!-- testMethod1 -->
  <testcase name="testMethod1" time="0.000" classname="TestNGConcept">
    <skipped/>
  </testcase> <!-- testMethod1 -->
  <testcase name="testMethod1" time="0.007" classname="TestNGConcept">
    <skipped/>
  </testcase> <!-- testMethod1 -->
</testsuite> <!-- TestNGConcept -->
